# JRE version: Java(TM) SE Runtime Environment (8.0_241-b07) (build 1.8.0_241-b07)
# Java VM: Java HotSpot(TM) 64-Bit Server VM (25.241-b07 mixed mode windows-amd64 compressed oops)
Heap:
 PSYoungGen      total 276480K, used 212234K [0x000000076ab00000, 0x0000000785080000, 0x00000007c0000000)
  eden space 273920K, 76% used [0x000000076ab00000,0x00000007777c6b00,0x000000077b680000)
  from space 2560K, 99% used [0x0000000784e00000,0x000000078507bd10,0x0000000785080000)
  to   space 24064K, 0% used [0x0000000782180000,0x0000000782180000,0x0000000783900000)
 ParOldGen       total 226304K, used 32239K [0x00000006c0000000, 0x00000006cdd00000, 0x000000076ab00000)
  object space 226304K, 14% used [0x00000006c0000000,0x00000006c1f7bd70,0x00000006cdd00000)
 Metaspace       used 59783K, capacity 62673K, committed 62872K, reserved 1103872K
  class space    used 7878K, capacity 8347K, committed 8360K, reserved 1048576K
GC Heap History (10 events):
Event: 8.990 GC heap before
{Heap before GC invocations=7 (full 2):
 PSYoungGen      total 272384K, used 10742K [0x000000076ab00000, 0x000000077de00000, 0x00000007c0000000)
  eden space 261632K, 0% used [0x000000076ab00000,0x000000076ab00000,0x000000077aa80000)
  from space 10752K, 99% used [0x000000077aa80000,0x000000077b4fd818,0x000000077b500000)
  to   space 13312K, 0% used [0x000000077d100000,0x000000077d100000,0x000000077de00000)
 ParOldGen       total 107008K, used 11951K [0x00000006c0000000, 0x00000006c6880000, 0x000000076ab00000)
  object space 107008K, 11% used [0x00000006c0000000,0x00000006c0babe08,0x00000006c6880000)
 Metaspace       used 33730K, capacity 35434K, committed 35496K, reserved 1079296K
  class space    used 4439K, capacity 4765K, committed 4776K, reserved 1048576K
Event: 9.058 GC heap after
Heap after GC invocations=7 (full 2):
 PSYoungGen      total 272384K, used 0K [0x000000076ab00000, 0x000000077de00000, 0x00000007c0000000)
  eden space 261632K, 0% used [0x000000076ab00000,0x000000076ab00000,0x000000077aa80000)
  from space 10752K, 0% used [0x000000077aa80000,0x000000077aa80000,0x000000077b500000)
  to   space 13312K, 0% used [0x000000077d100000,0x000000077d100000,0x000000077de00000)
 ParOldGen       total 163328K, used 17899K [0x00000006c0000000, 0x00000006c9f80000, 0x000000076ab00000)
  object space 163328K, 10% used [0x00000006c0000000,0x00000006c117ae88,0x00000006c9f80000)
 Metaspace       used 33730K, capacity 35434K, committed 35496K, reserved 1079296K
  class space    used 4439K, capacity 4765K, committed 4776K, reserved 1048576K
}
Event: 14.469 GC heap before
{Heap before GC invocations=8 (full 2):
 PSYoungGen      total 272384K, used 261632K [0x000000076ab00000, 0x000000077de00000, 0x00000007c0000000)
  eden space 261632K, 100% used [0x000000076ab00000,0x000000077aa80000,0x000000077aa80000)
  from space 10752K, 0% used [0x000000077aa80000,0x000000077aa80000,0x000000077b500000)
  to   space 13312K, 0% used [0x000000077d100000,0x000000077d100000,0x000000077de00000)
 ParOldGen       total 163328K, used 17899K [0x00000006c0000000, 0x00000006c9f80000, 0x000000076ab00000)
  object space 163328K, 10% used [0x00000006c0000000,0x00000006c117ae88,0x00000006c9f80000)
 Metaspace       used 45940K, capacity 48268K, committed 48552K, reserved 1091584K
  class space    used 6299K, capacity 6709K, committed 6824K, reserved 1048576K
Event: 14.510 GC heap after
Heap after GC invocations=8 (full 2):
 PSYoungGen      total 295424K, used 13295K [0x000000076ab00000, 0x0000000784f80000, 0x00000007c0000000)
  eden space 282112K, 0% used [0x000000076ab00000,0x000000076ab00000,0x000000077be80000)
  from space 13312K, 99% used [0x000000077d100000,0x000000077ddfbd50,0x000000077de00000)
  to   space 18944K, 0% used [0x000000077be80000,0x000000077be80000,0x000000077d100000)
 ParOldGen       total 163328K, used 25847K [0x00000006c0000000, 0x00000006c9f80000, 0x000000076ab00000)
  object space 163328K, 15% used [0x00000006c0000000,0x00000006c193dcd8,0x00000006c9f80000)
 Metaspace       used 45940K, capacity 48268K, committed 48552K, reserved 1091584K
  class space    used 6299K, capacity 6709K, committed 6824K, reserved 1048576K
}
Event: 83.804 GC heap before
{Heap before GC invocations=9 (full 2):
 PSYoungGen      total 295424K, used 212107K [0x000000076ab00000, 0x0000000784f80000, 0x00000007c0000000)
  eden space 282112K, 70% used [0x000000076ab00000,0x0000000776d27180,0x000000077be80000)
  from space 13312K, 99% used [0x000000077d100000,0x000000077ddfbd50,0x000000077de00000)
  to   space 18944K, 0% used [0x000000077be80000,0x000000077be80000,0x000000077d100000)
 ParOldGen       total 163328K, used 25847K [0x00000006c0000000, 0x00000006c9f80000, 0x000000076ab00000)
  object space 163328K, 15% used [0x00000006c0000000,0x00000006c193dcd8,0x00000006c9f80000)
 Metaspace       used 56458K, capacity 59151K, committed 59160K, reserved 1099776K
  class space    used 7766K, capacity 8230K, committed 8232K, reserved 1048576K
Event: 83.924 GC heap after
Heap after GC invocations=9 (full 2):
 PSYoungGen      total 301056K, used 18912K [0x000000076ab00000, 0x0000000786480000, 0x00000007c0000000)
  eden space 282112K, 0% used [0x000000076ab00000,0x000000076ab00000,0x000000077be80000)
  from space 18944K, 99% used [0x000000077be80000,0x000000077d0f82f0,0x000000077d100000)
  to   space 23040K, 0% used [0x0000000784e00000,0x0000000784e00000,0x0000000786480000)
 ParOldGen       total 163328K, used 29378K [0x00000006c0000000, 0x00000006c9f80000, 0x000000076ab00000)
  object space 163328K, 17% used [0x00000006c0000000,0x00000006c1cb0bb0,0x00000006c9f80000)
 Metaspace       used 56458K, capacity 59151K, committed 59160K, reserved 1099776K
  class space    used 7766K, capacity 8230K, committed 8232K, reserved 1048576K
}
Event: 83.924 GC heap before
{Heap before GC invocations=10 (full 3):
 PSYoungGen      total 301056K, used 18912K [0x000000076ab00000, 0x0000000786480000, 0x00000007c0000000)
  eden space 282112K, 0% used [0x000000076ab00000,0x000000076ab00000,0x000000077be80000)
  from space 18944K, 99% used [0x000000077be80000,0x000000077d0f82f0,0x000000077d100000)
  to   space 23040K, 0% used [0x0000000784e00000,0x0000000784e00000,0x0000000786480000)
 ParOldGen       total 163328K, used 29378K [0x00000006c0000000, 0x00000006c9f80000, 0x000000076ab00000)
  object space 163328K, 17% used [0x00000006c0000000,0x00000006c1cb0bb0,0x00000006c9f80000)
 Metaspace       used 56458K, capacity 59151K, committed 59160K, reserved 1099776K
  class space    used 7766K, capacity 8230K, committed 8232K, reserved 1048576K
Event: 84.385 GC heap after
Heap after GC invocations=10 (full 3):
 PSYoungGen      total 301056K, used 0K [0x000000076ab00000, 0x0000000786480000, 0x00000007c0000000)
  eden space 282112K, 0% used [0x000000076ab00000,0x000000076ab00000,0x000000077be80000)
  from space 18944K, 0% used [0x000000077be80000,0x000000077be80000,0x000000077d100000)
  to   space 23040K, 0% used [0x0000000784e00000,0x0000000784e00000,0x0000000786480000)
 ParOldGen       total 226304K, used 32231K [0x00000006c0000000, 0x00000006cdd00000, 0x000000076ab00000)
  object space 226304K, 14% used [0x00000006c0000000,0x00000006c1f79d70,0x00000006cdd00000)
 Metaspace       used 56458K, capacity 59151K, committed 59160K, reserved 1099776K
  class space    used 7766K, capacity 8230K, committed 8232K, reserved 1048576K
}
Event: 4974.789 GC heap before
{Heap before GC invocations=11 (full 3):
 PSYoungGen      total 301056K, used 282112K [0x000000076ab00000, 0x0000000786480000, 0x00000007c0000000)
  eden space 282112K, 100% used [0x000000076ab00000,0x000000077be80000,0x000000077be80000)
  from space 18944K, 0% used [0x000000077be80000,0x000000077be80000,0x000000077d100000)
  to   space 23040K, 0% used [0x0000000784e00000,0x0000000784e00000,0x0000000786480000)
 ParOldGen       total 226304K, used 32231K [0x00000006c0000000, 0x00000006cdd00000, 0x000000076ab00000)
  object space 226304K, 14% used [0x00000006c0000000,0x00000006c1f79d70,0x00000006cdd00000)
 Metaspace       used 59425K, capacity 62243K, committed 62360K, reserved 1103872K
  class space    used 7873K, capacity 8340K, committed 8360K, reserved 1048576K
Event: 4974.840 GC heap after
Heap after GC invocations=11 (full 3):
 PSYoungGen      total 276480K, used 2543K [0x000000076ab00000, 0x0000000785080000, 0x00000007c0000000)
  eden space 273920K, 0% used [0x000000076ab00000,0x000000076ab00000,0x000000077b680000)
  from space 2560K, 99% used [0x0000000784e00000,0x000000078507bd10,0x0000000785080000)
  to   space 24064K, 0% used [0x0000000782180000,0x0000000782180000,0x0000000783900000)
 ParOldGen       total 226304K, used 32239K [0x00000006c0000000, 0x00000006cdd00000, 0x000000076ab00000)
  object space 226304K, 14% used [0x00000006c0000000,0x00000006c1f7bd70,0x00000006cdd00000)
 Metaspace       used 59425K, capacity 62243K, committed 62360K, reserved 1103872K
  class space    used 7873K, capacity 8340K, committed 8360K, reserved 1048576K
}

