# JRE version: Java(TM) SE Runtime Environment (8.0_241-b07) (build 1.8.0_241-b07)
# Java VM: Java HotSpot(TM) 64-Bit Server VM (25.241-b07 mixed mode windows-amd64 compressed oops)
Heap:
 PSYoungGen      total 272896K, used 29838K [0x000000076ab00000, 0x0000000780100000, 0x00000007c0000000)
  eden space 262144K, 11% used [0x000000076ab00000,0x000000076c823bf0,0x000000077ab00000)
  from space 10752K, 0% used [0x000000077ab00000,0x000000077ab00000,0x000000077b580000)
  to   space 18944K, 0% used [0x000000077ee80000,0x000000077ee80000,0x0000000780100000)
 ParOldGen       total 99328K, used 20033K [0x00000006c0000000, 0x00000006c6100000, 0x000000076ab00000)
  object space 99328K, 20% used [0x00000006c0000000,0x00000006c1390710,0x00000006c6100000)
 Metaspace       used 35494K, capacity 37457K, committed 37632K, reserved 1081344K
  class space    used 4712K, capacity 5083K, committed 5120K, reserved 1048576K
GC Heap History (10 events):
Event: 2.729 GC heap before
{Heap before GC invocations=3 (full 0):
 PSYoungGen      total 141824K, used 26603K [0x000000076ab00000, 0x0000000774000000, 0x00000007c0000000)
  eden space 131072K, 12% used [0x000000076ab00000,0x000000076ba80098,0x0000000772b00000)
  from space 10752K, 99% used [0x0000000773580000,0x0000000773ffab88,0x0000000774000000)
  to   space 10752K, 0% used [0x0000000772b00000,0x0000000772b00000,0x0000000773580000)
 ParOldGen       total 175104K, used 968K [0x00000006c0000000, 0x00000006cab00000, 0x000000076ab00000)
  object space 175104K, 0% used [0x00000006c0000000,0x00000006c00f2118,0x00000006cab00000)
 Metaspace       used 20523K, capacity 21205K, committed 21296K, reserved 1067008K
  class space    used 2684K, capacity 2853K, committed 2944K, reserved 1048576K
Event: 2.739 GC heap after
Heap after GC invocations=3 (full 0):
 PSYoungGen      total 141824K, used 5666K [0x000000076ab00000, 0x000000077c000000, 0x00000007c0000000)
  eden space 131072K, 0% used [0x000000076ab00000,0x000000076ab00000,0x0000000772b00000)
  from space 10752K, 52% used [0x0000000772b00000,0x0000000773088aa8,0x0000000773580000)
  to   space 10752K, 0% used [0x000000077b580000,0x000000077b580000,0x000000077c000000)
 ParOldGen       total 175104K, used 976K [0x00000006c0000000, 0x00000006cab00000, 0x000000076ab00000)
  object space 175104K, 0% used [0x00000006c0000000,0x00000006c00f4118,0x00000006cab00000)
 Metaspace       used 20523K, capacity 21205K, committed 21296K, reserved 1067008K
  class space    used 2684K, capacity 2853K, committed 2944K, reserved 1048576K
}
Event: 2.739 GC heap before
{Heap before GC invocations=4 (full 1):
 PSYoungGen      total 141824K, used 5666K [0x000000076ab00000, 0x000000077c000000, 0x00000007c0000000)
  eden space 131072K, 0% used [0x000000076ab00000,0x000000076ab00000,0x0000000772b00000)
  from space 10752K, 52% used [0x0000000772b00000,0x0000000773088aa8,0x0000000773580000)
  to   space 10752K, 0% used [0x000000077b580000,0x000000077b580000,0x000000077c000000)
 ParOldGen       total 175104K, used 976K [0x00000006c0000000, 0x00000006cab00000, 0x000000076ab00000)
  object space 175104K, 0% used [0x00000006c0000000,0x00000006c00f4118,0x00000006cab00000)
 Metaspace       used 20523K, capacity 21205K, committed 21296K, reserved 1067008K
  class space    used 2684K, capacity 2853K, committed 2944K, reserved 1048576K
Event: 2.777 GC heap after
Heap after GC invocations=4 (full 1):
 PSYoungGen      total 141824K, used 0K [0x000000076ab00000, 0x000000077c000000, 0x00000007c0000000)
  eden space 131072K, 0% used [0x000000076ab00000,0x000000076ab00000,0x0000000772b00000)
  from space 10752K, 0% used [0x0000000772b00000,0x0000000772b00000,0x0000000773580000)
  to   space 10752K, 0% used [0x000000077b580000,0x000000077b580000,0x000000077c000000)
 ParOldGen       total 99328K, used 5546K [0x00000006c0000000, 0x00000006c6100000, 0x000000076ab00000)
  object space 99328K, 5% used [0x00000006c0000000,0x00000006c056a8c8,0x00000006c6100000)
 Metaspace       used 20523K, capacity 21205K, committed 21296K, reserved 1067008K
  class space    used 2684K, capacity 2853K, committed 2944K, reserved 1048576K
}
Event: 5.865 GC heap before
{Heap before GC invocations=5 (full 1):
 PSYoungGen      total 141824K, used 131072K [0x000000076ab00000, 0x000000077c000000, 0x00000007c0000000)
  eden space 131072K, 100% used [0x000000076ab00000,0x0000000772b00000,0x0000000772b00000)
  from space 10752K, 0% used [0x0000000772b00000,0x0000000772b00000,0x0000000773580000)
  to   space 10752K, 0% used [0x000000077b580000,0x000000077b580000,0x000000077c000000)
 ParOldGen       total 99328K, used 5546K [0x00000006c0000000, 0x00000006c6100000, 0x000000076ab00000)
  object space 99328K, 5% used [0x00000006c0000000,0x00000006c056a8c8,0x00000006c6100000)
 Metaspace       used 28853K, capacity 30047K, committed 30208K, reserved 1075200K
  class space    used 3810K, capacity 4072K, committed 4096K, reserved 1048576K
Event: 5.886 GC heap after
Heap after GC invocations=5 (full 1):
 PSYoungGen      total 214528K, used 10731K [0x000000076ab00000, 0x000000077c000000, 0x00000007c0000000)
  eden space 203776K, 0% used [0x000000076ab00000,0x000000076ab00000,0x0000000777200000)
  from space 10752K, 99% used [0x000000077b580000,0x000000077bffae70,0x000000077c000000)
  to   space 10752K, 0% used [0x000000077ab00000,0x000000077ab00000,0x000000077b580000)
 ParOldGen       total 99328K, used 8229K [0x00000006c0000000, 0x00000006c6100000, 0x000000076ab00000)
  object space 99328K, 8% used [0x00000006c0000000,0x00000006c0809628,0x00000006c6100000)
 Metaspace       used 28853K, capacity 30047K, committed 30208K, reserved 1075200K
  class space    used 3810K, capacity 4072K, committed 4096K, reserved 1048576K
}
Event: 8.096 GC heap before
{Heap before GC invocations=6 (full 1):
 PSYoungGen      total 214528K, used 112764K [0x000000076ab00000, 0x000000077c000000, 0x00000007c0000000)
  eden space 203776K, 50% used [0x000000076ab00000,0x0000000770ea42b0,0x0000000777200000)
  from space 10752K, 99% used [0x000000077b580000,0x000000077bffae70,0x000000077c000000)
  to   space 10752K, 0% used [0x000000077ab00000,0x000000077ab00000,0x000000077b580000)
 ParOldGen       total 99328K, used 8229K [0x00000006c0000000, 0x00000006c6100000, 0x000000076ab00000)
  object space 99328K, 8% used [0x00000006c0000000,0x00000006c0809628,0x00000006c6100000)
 Metaspace       used 33503K, capacity 35401K, committed 35496K, reserved 1079296K
  class space    used 4450K, capacity 4809K, committed 4864K, reserved 1048576K
Event: 8.123 GC heap after
Heap after GC invocations=6 (full 1):
 PSYoungGen      total 272896K, used 10723K [0x000000076ab00000, 0x0000000780100000, 0x00000007c0000000)
  eden space 262144K, 0% used [0x000000076ab00000,0x000000076ab00000,0x000000077ab00000)
  from space 10752K, 99% used [0x000000077ab00000,0x000000077b578e18,0x000000077b580000)
  to   space 18944K, 0% used [0x000000077ee80000,0x000000077ee80000,0x0000000780100000)
 ParOldGen       total 99328K, used 13558K [0x00000006c0000000, 0x00000006c6100000, 0x000000076ab00000)
  object space 99328K, 13% used [0x00000006c0000000,0x00000006c0d3da78,0x00000006c6100000)
 Metaspace       used 33503K, capacity 35401K, committed 35496K, reserved 1079296K
  class space    used 4450K, capacity 4809K, committed 4864K, reserved 1048576K
}
Event: 8.123 GC heap before
{Heap before GC invocations=7 (full 2):
 PSYoungGen      total 272896K, used 10723K [0x000000076ab00000, 0x0000000780100000, 0x00000007c0000000)
  eden space 262144K, 0% used [0x000000076ab00000,0x000000076ab00000,0x000000077ab00000)
  from space 10752K, 99% used [0x000000077ab00000,0x000000077b578e18,0x000000077b580000)
  to   space 18944K, 0% used [0x000000077ee80000,0x000000077ee80000,0x0000000780100000)
 ParOldGen       total 99328K, used 13558K [0x00000006c0000000, 0x00000006c6100000, 0x000000076ab00000)
  object space 99328K, 13% used [0x00000006c0000000,0x00000006c0d3da78,0x00000006c6100000)
 Metaspace       used 33503K, capacity 35401K, committed 35496K, reserved 1079296K
  class space    used 4450K, capacity 4809K, committed 4864K, reserved 1048576K
Event: 8.248 GC heap after
Heap after GC invocations=7 (full 2):
 PSYoungGen      total 272896K, used 0K [0x000000076ab00000, 0x0000000780100000, 0x00000007c0000000)
  eden space 262144K, 0% used [0x000000076ab00000,0x000000076ab00000,0x000000077ab00000)
  from space 10752K, 0% used [0x000000077ab00000,0x000000077ab00000,0x000000077b580000)
  to   space 18944K, 0% used [0x000000077ee80000,0x000000077ee80000,0x0000000780100000)
 ParOldGen       total 99328K, used 20033K [0x00000006c0000000, 0x00000006c6100000, 0x000000076ab00000)
  object space 99328K, 20% used [0x00000006c0000000,0x00000006c1390710,0x00000006c6100000)
 Metaspace       used 33503K, capacity 35401K, committed 35496K, reserved 1079296K
  class space    used 4450K, capacity 4809K, committed 4864K, reserved 1048576K
}

